<?xml version="1.0" encoding="UTF-8"?>
<testsuite name="MouseHover" tests="1" skipped="0" failures="0" errors="0" timestamp="2022-05-31T05:19:11" hostname="DESKTOP-47D5M7J" time="20.22">
  <properties/>
  <testcase name="mouseHover" classname="MouseHover" time="20.22"/>
  <system-out><![CDATA[]]></system-out>
  <system-err><![CDATA[1653974351660	geckodriver	INFO	Listening on 127.0.0.1:22878
1653974352342	mozrunner::runner	INFO	Running command: "C:\\Program Files\\Mozilla Firefox\\firefox.exe" "--marionette" "--headed" "-no-remote" "-profile" "C:\\Users\\ICAB\\AppData\\Local\\Temp\\rust_mozprofileUSTIDs"
1653974352597	Marionette	INFO	Marionette enabled
console.warn: SearchSettings: "get: No settings file exists, new profile?" (new NotFoundError("Could not open the file at C:\\Users\\ICAB\\AppData\\Local\\Temp\\rust_mozprofileUSTIDs\\search.json.mozlz4", (void 0)))
1653974353941	Marionette	INFO	Listening on port 11752
1653974354425	RemoteAgent	WARN	TLS certificate errors will be ignored for this session
May 31, 2022 11:19:14 AM org.openqa.selenium.remote.ProtocolHandshake createSession
INFO: Detected dialect: W3C
JavaScript error: https://green.edu.bd/wp-content/themes/mastergreen/assets/js/master-green.js?ver=1.8.2, line 155: TypeError: $ is not a function
JavaScript error: https://green.edu.bd/wp-content/plugins/free-mubjib-borsho/mujib.js?ver=1.0.0, line 173: TypeError: c is null
JavaScript error: https://green.edu.bd/wp-content/plugins/free-mubjib-borsho/mujib.js?ver=1.0.0, line 146: TypeError: document.getElementById(...) is null
JavaScript error: https://green.edu.bd/wp-content/themes/mastergreen/assets/js/master-green.js?ver=1.8.2, line 155: TypeError: $ is not a function
1653974370860	Marionette	INFO	Stopped listening on port 11752
]]></system-err>
</testsuite>
