<?xml version="1.0" encoding="UTF-8"?>
<testsuite name="TakeScreenShot" tests="1" skipped="0" failures="0" errors="0" timestamp="2022-05-31T05:53:01" hostname="DESKTOP-47D5M7J" time="5.852">
  <properties/>
  <testcase name="takeScreenShot" classname="TakeScreenShot" time="5.852"/>
  <system-out><![CDATA[]]></system-out>
  <system-err><![CDATA[1653976381607	geckodriver	INFO	Listening on 127.0.0.1:35669
1653976382257	mozrunner::runner	INFO	Running command: "C:\\Program Files\\Mozilla Firefox\\firefox.exe" "--marionette" "--headed" "-no-remote" "-profile" "C:\\Users\\ICAB\\AppData\\Local\\Temp\\rust_mozprofileFPKye4"
1653976382512	Marionette	INFO	Marionette enabled
console.warn: SearchSettings: "get: No settings file exists, new profile?" (new NotFoundError("Could not open the file at C:\\Users\\ICAB\\AppData\\Local\\Temp\\rust_mozprofileFPKye4\\search.json.mozlz4", (void 0)))
1653976383868	Marionette	INFO	Listening on port 13763
1653976384323	RemoteAgent	WARN	TLS certificate errors will be ignored for this session
May 31, 2022 11:53:04 AM org.openqa.selenium.remote.ProtocolHandshake createSession
INFO: Detected dialect: W3C
[Child 13868, MediaDecoderStateMachine #1] WARNING: 26610610010 Could not set cubeb stream name.: file /builds/worker/checkouts/gecko/dom/media/AudioStream.cpp:327
1653976386178	Marionette	INFO	Stopped listening on port 13763
]]></system-err>
</testsuite>
